<?xml version="1.0" encoding="UTF-8"?>
<!-- Generated by org.testng.reporters.JUnitReportReporter -->
<testsuite hostname="STAG-PC" name="com.swachhata.citizenapp.RegistrationTest.com.SwachhataCitizenAPPE2ETest" tests="1" failures="0" timestamp="17 Jan 2017 09:21:53 GMT" time="58.082" errors="0">
  <testcase name="citizenE2ETest" time="58.082" classname="com.swachhata.citizenapp.RegistrationTest.com.SwachhataCitizenAPPE2ETest"/>
</testsuite>
