<?xml version="1.0" encoding="UTF-8"?>
<!-- Generated by org.testng.reporters.JUnitReportReporter -->
<testsuite hostname="STAG-PC" name="com.swachhata.citizenapp.E2ETest.com.SwachhataCitizenAPPTest" tests="2" failures="0" timestamp="19 Jan 2017 12:24:43 GMT" time="53.004" errors="0">
  <testcase name="LogoutTest" time="12.221" classname="com.swachhata.citizenapp.E2ETest.com.SwachhataCitizenAPPTest"/>
  <testcase name="citizenAPPLoginTest" time="40.783" classname="com.swachhata.citizenapp.E2ETest.com.SwachhataCitizenAPPTest"/>
</testsuite>
