<?xml version="1.0" encoding="UTF-8"?>
<!-- Generated by org.testng.reporters.JUnitReportReporter -->
<testsuite hostname="STAG-PC" name="com.swachhata.citizenapp.RegistrationTest.com.SwachhataCitizenAPPTest" tests="2" failures="0" timestamp="18 Jan 2017 11:49:38 GMT" time="66.466" errors="0">
  <testcase name="UpdateProfileTest" time="25.199" classname="com.swachhata.citizenapp.RegistrationTest.com.SwachhataCitizenAPPTest"/>
  <testcase name="citizenAPPLoginTest" time="41.267" classname="com.swachhata.citizenapp.RegistrationTest.com.SwachhataCitizenAPPTest"/>
</testsuite>
